<?xml version="1.0" encoding="UTF-8"?>
<!-- Generated by org.testng.reporters.JUnitReportReporter -->
<testsuite skipped="0" hostname="DESKTOP-CD0VV7U" name="tests.TestSignInFeature" tests="4" failures="0" timestamp="05 Nov 2017 23:28:13 GMT" time="13.581" errors="0">
  <testcase name="testSignInWithValidEmailAndInvalidPassword" time="3.572" classname="tests.TestSignInFeature"/>
  <testcase name="testSignInWithValidCredential" time="3.523" classname="tests.TestSignInFeature"/>
  <testcase name="testSignInWithInvalidEmailAndInvalidPassword" time="4.171" classname="tests.TestSignInFeature"/>
  <testcase name="testSignInWithInvalidEmailAndValidPassword" time="2.315" classname="tests.TestSignInFeature"/>
</testsuite> <!-- tests.TestSignInFeature -->
